[debug] [2021-06-10T13:29:33.859Z] ----------------------------------------------------------------------
[debug] [2021-06-10T13:29:33.861Z] Command:       C:\Program Files\nodejs\node.exe C:\Users\91884\AppData\Roaming\npm\node_modules\firebase-tools\lib\bin\firebase.js init default
[debug] [2021-06-10T13:29:33.861Z] CLI Version:   9.12.1
[debug] [2021-06-10T13:29:33.861Z] Platform:      win32
[debug] [2021-06-10T13:29:33.861Z] Node Version:  v14.17.0
[debug] [2021-06-10T13:29:33.862Z] Time:          Thu Jun 10 2021 18:59:33 GMT+0530 (India Standard Time)
[debug] [2021-06-10T13:29:33.863Z] ----------------------------------------------------------------------
[debug] 
[debug] [2021-06-10T13:29:33.872Z] > command requires scopes: ["email","openid","https://www.googleapis.com/auth/cloudplatformprojects.readonly","https://www.googleapis.com/auth/firebase","https://www.googleapis.com/auth/cloud-platform"]
[debug] [2021-06-10T13:29:33.872Z] > authorizing via signed-in user (sandeeplmp9598@gmail.com)
[info] 
     ######## #### ########  ######## ########     ###     ######  ########
     ##        ##  ##     ## ##       ##     ##  ##   ##  ##       ##
     ######    ##  ########  ######   ########  #########  ######  ######
     ##        ##  ##    ##  ##       ##     ## ##     ##       ## ##
     ##       #### ##     ## ######## ########  ##     ##  ######  ########

You're about to initialize a Firebase project in this directory:

  C:\Users\91884

Before we get started, keep in mind:

  * You are initializing in an existing Firebase project directory

